<?xml version="1.0" encoding="UTF-8"?>
<!-- Generated by org.testng.reporters.JUnitReportReporter -->
<testsuite hostname="DESKTOP-VC0C0A9" failures="0" tests="7" name="Tests.EVA_LoginPageTest" time="152.235" errors="0" timestamp="25 Feb 2020 07:22:32 GMT" skipped="0">
  <testcase classname="Tests.EVA_LoginPageTest" name="loginTest_Negitive" time="22.136"/>
  <testcase classname="Tests.EVA_LoginPageTest" name="loginTest_Negitive" time="21.541"/>
  <testcase classname="Tests.EVA_LoginPageTest" name="loginTest_Negitive" time="22.330"/>
  <testcase classname="Tests.EVA_LoginPageTest" name="loginTest_Negitive" time="21.785"/>
  <testcase classname="Tests.EVA_LoginPageTest" name="loginTest_Negitive" time="22.057"/>
  <testcase classname="Tests.EVA_LoginPageTest" name="loginTest_Negitive" time="21.294"/>
  <testcase classname="Tests.EVA_LoginPageTest" name="loginTest_Positive" time="21.092"/>
</testsuite> <!-- Tests.EVA_LoginPageTest -->
