<?xml version="1.0" encoding="UTF-8"?>
<!-- Generated by org.testng.reporters.JUnitReportReporter -->
<testsuite hostname="DESKTOP-VC0C0A9" failures="0" tests="1" name="Tests.EVA_LoginPageTest" time="0.430" errors="0" timestamp="21 Feb 2020 06:06:50 GMT" skipped="0">
  <testcase classname="Tests.EVA_LoginPageTest" name="loginTest" time="0.430"/>
</testsuite> <!-- Tests.EVA_LoginPageTest -->
