<?xml version="1.0" encoding="UTF-8"?>
<!-- Generated by org.testng.reporters.JUnitReportReporter -->
<testsuite skipped="0" hostname="DESKTOP-QNMRRVK" name="Tests.EVA_LoginPageTest" tests="7" failures="0" timestamp="2020-03-14T23:19:25 IST" time="164.562" errors="0">
  <testcase name="loginTest_Negative" time="21.388" classname="Tests.EVA_LoginPageTest"/>
  <testcase name="loginTest_Negative" time="21.550" classname="Tests.EVA_LoginPageTest"/>
  <testcase name="loginTest_Negative" time="25.666" classname="Tests.EVA_LoginPageTest"/>
  <testcase name="loginTest_Negative" time="22.475" classname="Tests.EVA_LoginPageTest"/>
  <testcase name="loginTest_Negative" time="20.676" classname="Tests.EVA_LoginPageTest"/>
  <testcase name="loginTest_Negative" time="27.899" classname="Tests.EVA_LoginPageTest"/>
  <testcase name="loginTest_Positive" time="24.908" classname="Tests.EVA_LoginPageTest"/>
</testsuite> <!-- Tests.EVA_LoginPageTest -->
