<?xml version="1.0" encoding="UTF-8"?>
<!-- Generated by org.testng.reporters.JUnitReportReporter -->
<testsuite hostname="DESKTOP-VC0C0A9" failures="0" tests="3" name="Tests.EVA_FlightsPageTest" time="16.888" errors="0" timestamp="2020-03-01T23:11:42 IST" skipped="0">
  <testcase classname="Tests.EVA_FlightsPageTest" name="defaultselection" time="3.878"/>
  <testcase classname="Tests.EVA_FlightsPageTest" name="searchFrom" time="6.588"/>
  <testcase classname="Tests.EVA_FlightsPageTest" name="searchTo" time="6.422"/>
</testsuite> <!-- Tests.EVA_FlightsPageTest -->
