<?xml version="1.0" encoding="UTF-8"?>
<!-- Generated by org.testng.reporters.JUnitReportReporter -->
<testsuite hostname="DESKTOP-QGJUEIP" failures="0" tests="2" name="Tests.EVA_FlightsPageTest" time="45.104" errors="0" timestamp="26 Feb 2020 09:51:42 GMT" skipped="0">
  <testcase classname="Tests.EVA_FlightsPageTest" name="defaultselection" time="20.234"/>
  <testcase classname="Tests.EVA_FlightsPageTest" name="searchFrom" time="24.870"/>
</testsuite> <!-- Tests.EVA_FlightsPageTest -->
