<?xml version="1.0" encoding="UTF-8"?>
<!-- Generated by org.testng.reporters.JUnitReportReporter -->
<testsuite hostname="DESKTOP-VC0C0A9" failures="0" tests="7" name="Tests.EVA_LoginPageTest" time="150.039" errors="0" timestamp="27 Feb 2020 10:35:42 GMT" skipped="0">
  <testcase classname="Tests.EVA_LoginPageTest" name="loginTest_Negative" time="21.034"/>
  <testcase classname="Tests.EVA_LoginPageTest" name="loginTest_Negative" time="21.256"/>
  <testcase classname="Tests.EVA_LoginPageTest" name="loginTest_Negative" time="20.816"/>
  <testcase classname="Tests.EVA_LoginPageTest" name="loginTest_Negative" time="21.382"/>
  <testcase classname="Tests.EVA_LoginPageTest" name="loginTest_Negative" time="20.846"/>
  <testcase classname="Tests.EVA_LoginPageTest" name="loginTest_Negative" time="20.837"/>
  <testcase classname="Tests.EVA_LoginPageTest" name="loginTest_Positive" time="23.868"/>
</testsuite> <!-- Tests.EVA_LoginPageTest -->
