<?xml version="1.0" encoding="UTF-8"?>
<!-- Generated by org.testng.reporters.JUnitReportReporter -->
<testsuite hostname="DESKTOP-VC0C0A9" failures="0" tests="3" name="Tests.EVA_FlightsPageTest" time="16.942" errors="0" timestamp="01 Mar 2020 14:44:42 GMT" skipped="0">
  <testcase classname="Tests.EVA_FlightsPageTest" name="defaultselection" time="3.861"/>
  <testcase classname="Tests.EVA_FlightsPageTest" name="searchFrom" time="6.555"/>
  <testcase classname="Tests.EVA_FlightsPageTest" name="searchTo" time="6.526"/>
</testsuite> <!-- Tests.EVA_FlightsPageTest -->
