<?xml version="1.0" encoding="UTF-8"?>
<!-- Generated by org.testng.reporters.JUnitReportReporter -->
<<<<<<< HEAD
<testsuite hostname="DESKTOP-J5QEEQG" failures="0" tests="3" name="Tests.EVA_FlightsPageTest" time="20.051" errors="0" timestamp="2020-03-02T16:04:43 IST" skipped="0">
  <testcase classname="Tests.EVA_FlightsPageTest" name="defaultselection" time="4.571"/>
  <testcase classname="Tests.EVA_FlightsPageTest" name="searchFrom" time="9.114"/>
  <testcase classname="Tests.EVA_FlightsPageTest" name="searchTo" time="6.366"/>
=======
<testsuite hostname="DESKTOP-2369KEK" failures="0" tests="5" name="Tests.EVA_FlightsPageTest" time="32.866" errors="0" timestamp="2020-03-03T17:57:53 IST" skipped="0">
  <testcase classname="Tests.EVA_FlightsPageTest" name="defaultselection" time="3.673"/>
  <testcase classname="Tests.EVA_FlightsPageTest" name="searchFrom" time="6.370"/>
  <testcase classname="Tests.EVA_FlightsPageTest" name="searchTo" time="10.433"/>
  <testcase classname="Tests.EVA_FlightsPageTest" name="calender" time="2.300"/>
  <testcase classname="Tests.EVA_FlightsPageTest" name="uiround" time="10.090"/>
>>>>>>> c11e8083391fbcd6cda34a875b98f2ca42820f54
</testsuite> <!-- Tests.EVA_FlightsPageTest -->
