<?xml version="1.0" encoding="UTF-8"?>
<!-- Generated by org.testng.reporters.JUnitReportReporter -->
<testsuite hostname="DESKTOP-VC0C0A9" failures="0" tests="3" name="Tests.EVA_FlightsPageTest" time="17.014" errors="0" timestamp="27 Feb 2020 10:35:42 GMT" skipped="0">
  <testcase classname="Tests.EVA_FlightsPageTest" name="defaultselection" time="3.816"/>
  <testcase classname="Tests.EVA_FlightsPageTest" name="searchFrom" time="6.629"/>
  <testcase classname="Tests.EVA_FlightsPageTest" name="searchTo" time="6.569"/>
</testsuite> <!-- Tests.EVA_FlightsPageTest -->
