<?xml version="1.0" encoding="UTF-8"?>
<!-- Generated by org.testng.reporters.JUnitReportReporter -->
<testsuite hostname="DESKTOP-J5QEEQG" failures="0" tests="5" name="Tests.EVA_FlightsPageTest" time="23.416" errors="0" timestamp="2020-03-10T12:49:47 IST" skipped="0">
  <testcase classname="Tests.EVA_FlightsPageTest" name="defaultselection" time="3.563"/>
  <testcase classname="Tests.EVA_FlightsPageTest" name="searchFrom" time="6.298"/>
  <testcase classname="Tests.EVA_FlightsPageTest" name="searchTo" time="10.259"/>
  <testcase classname="Tests.EVA_FlightsPageTest" name="calender" time="2.210"/>
  <testcase classname="Tests.EVA_FlightsPageTest" name="searchFlightButtonClicking" time="1.086"/>
</testsuite> <!-- Tests.EVA_FlightsPageTest -->
