<?xml version="1.0" encoding="UTF-8"?>
<!-- Generated by org.testng.reporters.JUnitReportReporter -->
<testsuite hostname="DESKTOP-VC0C0A9" failures="0" tests="3" name="Tests.EVA_FlightsPageTest" time="17.431" errors="0" timestamp="2020-03-01T22:48:32 IST" skipped="0">
  <testcase classname="Tests.EVA_FlightsPageTest" name="defaultselection" time="4.268"/>
  <testcase classname="Tests.EVA_FlightsPageTest" name="searchFrom" time="6.602"/>
  <testcase classname="Tests.EVA_FlightsPageTest" name="searchTo" time="6.561"/>
</testsuite> <!-- Tests.EVA_FlightsPageTest -->
