<<<<<<< HEAD
<?xml version="1.0" encoding="UTF-8"?>
<!-- Generated by org.testng.reporters.JUnitReportReporter -->
<testsuite hostname="DESKTOP-J5QEEQG" failures="0" tests="7" name="Tests.EVA_LoginPageTest" time="180.348" errors="0" timestamp="2020-03-02T16:04:43 IST" skipped="0">
  <testcase classname="Tests.EVA_LoginPageTest" name="loginTest_Negative" time="23.248"/>
  <testcase classname="Tests.EVA_LoginPageTest" name="loginTest_Negative" time="21.330"/>
  <testcase classname="Tests.EVA_LoginPageTest" name="loginTest_Negative" time="24.192"/>
  <testcase classname="Tests.EVA_LoginPageTest" name="loginTest_Negative" time="24.591"/>
  <testcase classname="Tests.EVA_LoginPageTest" name="loginTest_Negative" time="26.215"/>
  <testcase classname="Tests.EVA_LoginPageTest" name="loginTest_Negative" time="26.331"/>
  <testcase classname="Tests.EVA_LoginPageTest" name="loginTest_Positive" time="34.441"/>
</testsuite> <!-- Tests.EVA_LoginPageTest -->
=======
>>>>>>> c11e8083391fbcd6cda34a875b98f2ca42820f54
