<?xml version="1.0" encoding="UTF-8"?>
<!-- Generated by org.testng.reporters.JUnitReportReporter -->
<testsuite skipped="0" hostname="DESKTOP-QNMRRVK" name="Tests.EVA_LoginPageTest" tests="7" failures="0" timestamp="2020-04-05T19:28:32 IST" time="176.010" errors="0">
  <testcase name="loginTest_Negative" time="24.226" classname="Tests.EVA_LoginPageTest"/>
  <testcase name="loginTest_Negative" time="24.845" classname="Tests.EVA_LoginPageTest"/>
  <testcase name="loginTest_Negative" time="25.580" classname="Tests.EVA_LoginPageTest"/>
  <testcase name="loginTest_Negative" time="24.573" classname="Tests.EVA_LoginPageTest"/>
  <testcase name="loginTest_Negative" time="24.425" classname="Tests.EVA_LoginPageTest"/>
  <testcase name="loginTest_Negative" time="24.945" classname="Tests.EVA_LoginPageTest"/>
  <testcase name="loginTest_Positive" time="27.416" classname="Tests.EVA_LoginPageTest"/>
</testsuite> <!-- Tests.EVA_LoginPageTest -->
