<?xml version="1.0" encoding="UTF-8"?>
<!-- Generated by org.testng.reporters.JUnitReportReporter -->
<testsuite hostname="DESKTOP-2369KEK" failures="0" tests="3" name="Tests.ExceldataTest" time="22.861" errors="0" timestamp="2020-04-05T15:32:32 IST" skipped="0">
  <testcase classname="Tests.ExceldataTest" name="loginTest_Positive" time="8.610"/>
  <testcase classname="Tests.ExceldataTest" name="settings" time="10.642"/>
  <testcase classname="Tests.ExceldataTest" name="accountDetails" time="3.609"/>
</testsuite> <!-- Tests.ExceldataTest -->
