<?xml version="1.0" encoding="UTF-8"?>
<!-- Generated by org.testng.reporters.JUnitReportReporter -->
<testsuite hostname="DESKTOP-2369KEK" failures="0" tests="7" name="Tests.EVA_LoginPageTest" time="541.357" errors="0" timestamp="2020-03-28T21:27:22 IST" skipped="0">
  <testcase classname="Tests.EVA_LoginPageTest" name="loginTest_Negative" time="120.484"/>
  <testcase classname="Tests.EVA_LoginPageTest" name="loginTest_Negative" time="144.521"/>
  <testcase classname="Tests.EVA_LoginPageTest" name="loginTest_Negative" time="35.798"/>
  <testcase classname="Tests.EVA_LoginPageTest" name="loginTest_Negative" time="110.498"/>
  <testcase classname="Tests.EVA_LoginPageTest" name="loginTest_Negative" time="36.174"/>
  <testcase classname="Tests.EVA_LoginPageTest" name="loginTest_Negative" time="40.584"/>
  <testcase classname="Tests.EVA_LoginPageTest" name="loginTest_Positive" time="53.298"/>
</testsuite> <!-- Tests.EVA_LoginPageTest -->
