<?xml version="1.0" encoding="UTF-8"?>
<!-- Generated by org.testng.reporters.JUnitReportReporter -->
<testsuite hostname="DESKTOP-J5QEEQG" failures="0" tests="3" name="Tests.EVA_FlightsPageTest" time="20.051" errors="0" timestamp="2020-03-02T16:04:43 IST" skipped="0">
  <testcase classname="Tests.EVA_FlightsPageTest" name="defaultselection" time="4.571"/>
  <testcase classname="Tests.EVA_FlightsPageTest" name="searchFrom" time="9.114"/>
  <testcase classname="Tests.EVA_FlightsPageTest" name="searchTo" time="6.366"/>
</testsuite> <!-- Tests.EVA_FlightsPageTest -->
