<?xml version="1.0" encoding="UTF-8"?>
<!-- Generated by org.testng.reporters.JUnitReportReporter -->
<testsuite skipped="0" hostname="DESKTOP-QNMRRVK" name="Tests.EVA_LoginPageTest" tests="7" failures="0" timestamp="2020-03-09T16:52:44 IST" time="144.713" errors="0">
  <testcase name="loginTest_Negative" time="19.670" classname="Tests.EVA_LoginPageTest"/>
  <testcase name="loginTest_Negative" time="21.569" classname="Tests.EVA_LoginPageTest"/>
  <testcase name="loginTest_Negative" time="20.351" classname="Tests.EVA_LoginPageTest"/>
  <testcase name="loginTest_Negative" time="20.062" classname="Tests.EVA_LoginPageTest"/>
  <testcase name="loginTest_Negative" time="19.966" classname="Tests.EVA_LoginPageTest"/>
  <testcase name="loginTest_Negative" time="20.525" classname="Tests.EVA_LoginPageTest"/>
  <testcase name="loginTest_Positive" time="22.570" classname="Tests.EVA_LoginPageTest"/>
</testsuite> <!-- Tests.EVA_LoginPageTest -->
