<?xml version="1.0" encoding="UTF-8"?>
<!-- Generated by org.testng.reporters.JUnitReportReporter -->
<testsuite hostname="DESKTOP-VC0C0A9" failures="0" tests="7" name="Tests.EVA_LoginPageTest" time="148.407" errors="0" timestamp="2020-03-01T23:35:31 IST" skipped="0">
  <testcase classname="Tests.EVA_LoginPageTest" name="loginTest_Negative" time="20.839"/>
  <testcase classname="Tests.EVA_LoginPageTest" name="loginTest_Negative" time="20.340"/>
  <testcase classname="Tests.EVA_LoginPageTest" name="loginTest_Negative" time="19.985"/>
  <testcase classname="Tests.EVA_LoginPageTest" name="loginTest_Negative" time="21.280"/>
  <testcase classname="Tests.EVA_LoginPageTest" name="loginTest_Negative" time="20.866"/>
  <testcase classname="Tests.EVA_LoginPageTest" name="loginTest_Negative" time="20.965"/>
  <testcase classname="Tests.EVA_LoginPageTest" name="loginTest_Positive" time="24.132"/>
</testsuite> <!-- Tests.EVA_LoginPageTest -->
