<?xml version="1.0" encoding="UTF-8"?>
<!-- Generated by org.testng.reporters.JUnitReportReporter -->
<testsuite skipped="0" hostname="DESKTOP-QNMRRVK" name="Tests.EVA_FlightsPageTest" tests="5" failures="0" timestamp="2020-03-09T16:52:44 IST" time="32.284" errors="0">
  <testcase name="defaultselection" time="3.494" classname="Tests.EVA_FlightsPageTest"/>
  <testcase name="searchFrom" time="6.316" classname="Tests.EVA_FlightsPageTest"/>
  <testcase name="searchTo" time="10.236" classname="Tests.EVA_FlightsPageTest"/>
  <testcase name="calender" time="2.155" classname="Tests.EVA_FlightsPageTest"/>
  <testcase name="uiround" time="10.083" classname="Tests.EVA_FlightsPageTest"/>
</testsuite> <!-- Tests.EVA_FlightsPageTest -->
