<?xml version="1.0" encoding="UTF-8"?>
<!-- Generated by org.testng.reporters.JUnitReportReporter -->
<testsuite hostname="DESKTOP-VC0C0A9" failures="0" tests="7" name="Tests.EVA_LoginPageTest" time="158.286" errors="0" timestamp="2020-03-01T22:03:54 IST" skipped="0">
  <testcase classname="Tests.EVA_LoginPageTest" name="loginTest_Negative" time="22.921"/>
  <testcase classname="Tests.EVA_LoginPageTest" name="loginTest_Negative" time="23.697"/>
  <testcase classname="Tests.EVA_LoginPageTest" name="loginTest_Negative" time="22.264"/>
  <testcase classname="Tests.EVA_LoginPageTest" name="loginTest_Negative" time="22.033"/>
  <testcase classname="Tests.EVA_LoginPageTest" name="loginTest_Negative" time="21.707"/>
  <testcase classname="Tests.EVA_LoginPageTest" name="loginTest_Negative" time="21.346"/>
  <testcase classname="Tests.EVA_LoginPageTest" name="loginTest_Positive" time="24.318"/>
</testsuite> <!-- Tests.EVA_LoginPageTest -->
