<?xml version="1.0" encoding="UTF-8"?>
<!-- Generated by org.testng.reporters.JUnitReportReporter -->
<testsuite skipped="0" hostname="DESKTOP-QNMRRVK" name="Tests.EVA_LoginPageTest" tests="7" failures="0" timestamp="2020-04-05T18:38:06 IST" time="174.444" errors="0">
  <testcase name="loginTest_Negative" time="24.161" classname="Tests.EVA_LoginPageTest"/>
  <testcase name="loginTest_Negative" time="24.179" classname="Tests.EVA_LoginPageTest"/>
  <testcase name="loginTest_Negative" time="25.775" classname="Tests.EVA_LoginPageTest"/>
  <testcase name="loginTest_Negative" time="24.077" classname="Tests.EVA_LoginPageTest"/>
  <testcase name="loginTest_Negative" time="24.712" classname="Tests.EVA_LoginPageTest"/>
  <testcase name="loginTest_Negative" time="24.253" classname="Tests.EVA_LoginPageTest"/>
  <testcase name="loginTest_Positive" time="27.287" classname="Tests.EVA_LoginPageTest"/>
</testsuite> <!-- Tests.EVA_LoginPageTest -->
