<?xml version="1.0" encoding="UTF-8"?>
<!-- Generated by org.testng.reporters.JUnitReportReporter -->
<testsuite hostname="DESKTOP-VC0C0A9" failures="0" tests="2" name="Tests.EVA_LoginPageTest" time="47.819" errors="0" timestamp="2020-03-01T23:11:42 IST" skipped="0">
  <testcase classname="Tests.EVA_LoginPageTest" name="loginTest_Negative" time="23.354"/>
  <testcase classname="Tests.EVA_LoginPageTest" name="loginTest_Positive" time="24.465"/>
</testsuite> <!-- Tests.EVA_LoginPageTest -->
