<?xml version="1.0" encoding="UTF-8"?>
<!-- Generated by org.testng.reporters.JUnitReportReporter -->
<testsuite hostname="DESKTOP-T3PKAME" failures="0" tests="3" name="Tests.EVA_FlightsPageTest" time="17.254" errors="0" timestamp="26 Feb 2020 12:04:52 GMT" skipped="0">
  <testcase classname="Tests.EVA_FlightsPageTest" name="defaultselection" time="3.884"/>
  <testcase classname="Tests.EVA_FlightsPageTest" name="searchFrom" time="6.699"/>
  <testcase classname="Tests.EVA_FlightsPageTest" name="searchTo" time="6.671"/>
</testsuite> <!-- Tests.EVA_FlightsPageTest -->
