<?xml version="1.0" encoding="UTF-8"?>
<!-- Generated by org.testng.reporters.JUnitReportReporter -->
<testsuite hostname="DESKTOP-VC0C0A9" failures="0" tests="3" name="Tests.EVA_FlightsPageTest" time="17.162" errors="0" timestamp="2020-03-01T22:03:54 IST" skipped="0">
  <testcase classname="Tests.EVA_FlightsPageTest" name="defaultselection" time="4.095"/>
  <testcase classname="Tests.EVA_FlightsPageTest" name="searchFrom" time="6.558"/>
  <testcase classname="Tests.EVA_FlightsPageTest" name="searchTo" time="6.509"/>
</testsuite> <!-- Tests.EVA_FlightsPageTest -->
