<?xml version="1.0" encoding="UTF-8"?>
<!-- Generated by org.testng.reporters.JUnitReportReporter -->
<testsuite hostname="DESKTOP-VC0C0A9" failures="0" tests="7" name="Tests.EVA_LoginPageTest" time="161.127" errors="0" timestamp="01 Mar 2020 14:44:42 GMT" skipped="0">
  <testcase classname="Tests.EVA_LoginPageTest" name="loginTest_Negative" time="21.227"/>
  <testcase classname="Tests.EVA_LoginPageTest" name="loginTest_Negative" time="24.600"/>
  <testcase classname="Tests.EVA_LoginPageTest" name="loginTest_Negative" time="22.739"/>
  <testcase classname="Tests.EVA_LoginPageTest" name="loginTest_Negative" time="21.521"/>
  <testcase classname="Tests.EVA_LoginPageTest" name="loginTest_Negative" time="21.852"/>
  <testcase classname="Tests.EVA_LoginPageTest" name="loginTest_Negative" time="24.375"/>
  <testcase classname="Tests.EVA_LoginPageTest" name="loginTest_Positive" time="24.813"/>
</testsuite> <!-- Tests.EVA_LoginPageTest -->
