<?xml version="1.0" encoding="UTF-8"?>
<!-- Generated by org.testng.reporters.JUnitReportReporter -->
<testsuite hostname="DESKTOP-VC0C0A9" failures="0" tests="4" name="Tests.EVA_LoginPageTest" time="66.785" errors="0" timestamp="21 Feb 2020 10:10:59 GMT" skipped="0">
  <testcase classname="Tests.EVA_LoginPageTest" name="loginTest" time="16.212"/>
  <testcase classname="Tests.EVA_LoginPageTest" name="loginTest" time="16.388"/>
  <testcase classname="Tests.EVA_LoginPageTest" name="loginTest" time="19.008"/>
  <testcase classname="Tests.EVA_LoginPageTest" name="loginTest" time="15.177"/>
</testsuite> <!-- Tests.EVA_LoginPageTest -->
