<?xml version="1.0" encoding="UTF-8"?>
<!-- Generated by org.testng.reporters.JUnitReportReporter -->
<testsuite skipped="0" hostname="DESKTOP-AR5RV65" name="Tests.EVA_LoginPageTest" tests="7" failures="0" timestamp="2020-03-03T15:09:00 IST" time="176.502" errors="0">
  <testcase name="loginTest_Negative" time="23.751" classname="Tests.EVA_LoginPageTest"/>
  <testcase name="loginTest_Negative" time="26.237" classname="Tests.EVA_LoginPageTest"/>
  <testcase name="loginTest_Negative" time="22.797" classname="Tests.EVA_LoginPageTest"/>
  <testcase name="loginTest_Negative" time="28.021" classname="Tests.EVA_LoginPageTest"/>
  <testcase name="loginTest_Negative" time="26.409" classname="Tests.EVA_LoginPageTest"/>
  <testcase name="loginTest_Negative" time="24.228" classname="Tests.EVA_LoginPageTest"/>
  <testcase name="loginTest_Positive" time="25.059" classname="Tests.EVA_LoginPageTest"/>
</testsuite> <!-- Tests.EVA_LoginPageTest -->
