<?xml version="1.0" encoding="UTF-8"?>
<!-- Generated by org.testng.reporters.JUnitReportReporter -->
<testsuite hostname="DESKTOP-2369KEK" failures="0" tests="1" name="Tests.EVA_LoginPageTest1" time="49.172" errors="0" timestamp="2020-03-10T10:36:05 IST" skipped="0">
  <testcase classname="Tests.EVA_LoginPageTest1" name="loginTest_Negative" time="49.172"/>
</testsuite> <!-- Tests.EVA_LoginPageTest1 -->
