<?xml version="1.0" encoding="UTF-8"?>
<!-- Generated by org.testng.reporters.JUnitReportReporter -->
<testsuite hostname="DESKTOP-2369KEK" failures="0" tests="7" name="Tests.EVA_LoginPageTest" time="202.891" errors="0" timestamp="2020-03-03T17:20:55 IST" skipped="0">
  <testcase classname="Tests.EVA_LoginPageTest" name="loginTest_Negative" time="25.794"/>
  <testcase classname="Tests.EVA_LoginPageTest" name="loginTest_Negative" time="28.829"/>
  <testcase classname="Tests.EVA_LoginPageTest" name="loginTest_Negative" time="31.905"/>
  <testcase classname="Tests.EVA_LoginPageTest" name="loginTest_Negative" time="28.641"/>
  <testcase classname="Tests.EVA_LoginPageTest" name="loginTest_Negative" time="28.476"/>
  <testcase classname="Tests.EVA_LoginPageTest" name="loginTest_Negative" time="28.155"/>
  <testcase classname="Tests.EVA_LoginPageTest" name="loginTest_Positive" time="31.091"/>
</testsuite> <!-- Tests.EVA_LoginPageTest -->
